<?xml version="1.0" encoding="UTF-8"?>
<coverage generated="1661980652891" clover="3.2.0">
  <project timestamp="1661980652892" name="All files">
    <metrics statements="56" coveredstatements="54" conditionals="17" coveredconditionals="16" methods="8" coveredmethods="8" elements="81" coveredelements="78" complexity="0" loc="56" ncloc="56" packages="2" files="5" classes="5"/>
    <package name="uses">
      <metrics statements="12" coveredstatements="12" conditionals="0" coveredconditionals="0" methods="1" coveredmethods="1"/>
      <file name="passwordValidation.ts" path="/home/gcb/Área de Trabalho/Desafios/passwordValidation/src/uses/passwordValidation.ts">
        <metrics statements="12" coveredstatements="12" conditionals="0" coveredconditionals="0" methods="1" coveredmethods="1"/>
        <line num="2" count="1" type="stmt"/>
        <line num="3" count="1" type="stmt"/>
        <line num="4" count="1" type="stmt"/>
        <line num="5" count="1" type="stmt"/>
        <line num="7" count="1" type="stmt"/>
        <line num="9" count="1" type="stmt"/>
        <line num="14" count="1" type="stmt"/>
        <line num="15" count="1" type="stmt"/>
        <line num="16" count="1" type="stmt"/>
        <line num="17" count="1" type="stmt"/>
        <line num="19" count="1" type="stmt"/>
        <line num="20" count="1" type="stmt"/>
      </file>
    </package>
    <package name="utils">
      <metrics statements="44" coveredstatements="42" conditionals="17" coveredconditionals="16" methods="7" coveredmethods="7"/>
      <file name="UpperLowerCaseValidation.ts" path="/home/gcb/Área de Trabalho/Desafios/passwordValidation/src/utils/UpperLowerCaseValidation.ts">
        <metrics statements="14" coveredstatements="12" conditionals="9" coveredconditionals="8" methods="2" coveredmethods="2"/>
        <line num="4" count="1" type="stmt"/>
        <line num="6" count="1" type="stmt"/>
        <line num="7" count="1" type="stmt"/>
        <line num="8" count="1" type="stmt"/>
        <line num="9" count="1" type="stmt"/>
        <line num="11" count="1" type="stmt"/>
        <line num="12" count="3" type="cond" truecount="3" falsecount="0"/>
        <line num="13" count="3" type="stmt"/>
        <line num="14" count="3" type="cond" truecount="3" falsecount="0"/>
        <line num="15" count="3" type="stmt"/>
        <line num="18" count="1" type="cond" truecount="2" falsecount="1"/>
        <line num="19" count="0" type="stmt"/>
        <line num="20" count="0" type="stmt"/>
        <line num="23" count="1" type="stmt"/>
      </file>
      <file name="lengthValidation.ts" path="/home/gcb/Área de Trabalho/Desafios/passwordValidation/src/utils/lengthValidation.ts">
        <metrics statements="7" coveredstatements="7" conditionals="3" coveredconditionals="3" methods="1" coveredmethods="1"/>
        <line num="4" count="1" type="stmt"/>
        <line num="6" count="4" type="stmt"/>
        <line num="7" count="4" type="stmt"/>
        <line num="9" count="4" type="cond" truecount="3" falsecount="0"/>
        <line num="10" count="3" type="stmt"/>
        <line num="11" count="3" type="stmt"/>
        <line num="14" count="4" type="stmt"/>
      </file>
      <file name="sequencesValidation.ts" path="/home/gcb/Área de Trabalho/Desafios/passwordValidation/src/utils/sequencesValidation.ts">
        <metrics statements="13" coveredstatements="13" conditionals="3" coveredconditionals="3" methods="2" coveredmethods="2"/>
        <line num="5" count="1" type="stmt"/>
        <line num="7" count="4" type="stmt"/>
        <line num="8" count="4" type="stmt"/>
        <line num="11" count="4" type="stmt"/>
        <line num="12" count="45" type="stmt"/>
        <line num="13" count="45" type="cond" truecount="1" falsecount="0"/>
        <line num="15" count="41" type="stmt"/>
        <line num="16" count="41" type="cond" truecount="1" falsecount="0"/>
        <line num="19" count="4" type="cond" truecount="1" falsecount="0"/>
        <line num="20" count="4" type="stmt"/>
        <line num="21" count="4" type="stmt"/>
        <line num="24" count="4" type="stmt"/>
        <line num="26" count="4" type="stmt"/>
      </file>
      <file name="specialCharValidation.ts" path="/home/gcb/Área de Trabalho/Desafios/passwordValidation/src/utils/specialCharValidation.ts">
        <metrics statements="10" coveredstatements="10" conditionals="2" coveredconditionals="2" methods="2" coveredmethods="2"/>
        <line num="4" count="1" type="stmt"/>
        <line num="6" count="6" type="stmt"/>
        <line num="7" count="6" type="stmt"/>
        <line num="8" count="6" type="stmt"/>
        <line num="10" count="6" type="stmt"/>
        <line num="11" count="78" type="cond" truecount="1" falsecount="0"/>
        <line num="14" count="6" type="cond" truecount="1" falsecount="0"/>
        <line num="15" count="5" type="stmt"/>
        <line num="16" count="5" type="stmt"/>
        <line num="19" count="6" type="stmt"/>
      </file>
    </package>
  </project>
</coverage>
