{"/home/gcb/Área de Trabalho/Desafios/passwordValidation/src/uses/passwordValidation.ts": {"path":"/home/gcb/Área de Trabalho/Desafios/passwordValidation/src/uses/passwordValidation.ts","statementMap":{"0":{"start":{"line":2,"column":0},"end":{"line":2,"column":null}},"1":{"start":{"line":11,"column":24},"end":{"line":16,"column":6}},"2":{"start":{"line":18,"column":20},"end":{"line":25,"column":null}},"3":{"start":{"line":20,"column":8},"end":{"line":23,"column":10}},"4":{"start":{"line":21,"column":10},"end":{"line":21,"column":null}},"5":{"start":{"line":22,"column":10},"end":{"line":22,"column":null}},"6":{"start":{"line":23,"column":10},"end":{"line":23,"column":21}},"7":{"start":{"line":28,"column":4},"end":{"line":28,"column":19}},"8":{"start":{"line":9,"column":0},"end":{"line":9,"column":13}}},"fnMap":{"0":{"name":"(anonymous_0)","decl":{"start":{"line":10,"column":2},"end":{"line":10,"column":8}},"loc":{"start":{"line":10,"column":34},"end":{"line":29,"column":3}}},"1":{"name":"(anonymous_1)","decl":{"start":{"line":19,"column":6},"end":{"line":19,"column":7}},"loc":{"start":{"line":19,"column":38},"end":{"line":24,"column":7}}}},"branchMap":{"0":{"loc":{"start":{"line":20,"column":8},"end":{"line":23,"column":10}},"type":"if","locations":[{"start":{"line":20,"column":8},"end":{"line":23,"column":10}}]}},"s":{"0":1,"1":1,"2":1,"3":4,"4":4,"5":4,"6":4,"7":1,"8":1},"f":{"0":1,"1":4},"b":{"0":[4]}}
,"/home/gcb/Área de Trabalho/Desafios/passwordValidation/src/utils/UpperLowerCaseValidation.ts": {"path":"/home/gcb/Área de Trabalho/Desafios/passwordValidation/src/utils/UpperLowerCaseValidation.ts","statementMap":{"0":{"start":{"line":5,"column":20},"end":{"line":5,"column":38}},"1":{"start":{"line":7,"column":31},"end":{"line":10,"column":6}},"2":{"start":{"line":8,"column":23},"end":{"line":8,"column":65}},"3":{"start":{"line":9,"column":6},"end":{"line":9,"column":22}},"4":{"start":{"line":13,"column":22},"end":{"line":14,"column":null}},"5":{"start":{"line":14,"column":19},"end":{"line":14,"column":48}},"6":{"start":{"line":16,"column":22},"end":{"line":17,"column":null}},"7":{"start":{"line":17,"column":19},"end":{"line":17,"column":48}},"8":{"start":{"line":20,"column":6},"end":{"line":20,"column":32}},"9":{"start":{"line":23,"column":4},"end":{"line":25,"column":null}},"10":{"start":{"line":24,"column":6},"end":{"line":24,"column":null}},"11":{"start":{"line":25,"column":10},"end":{"line":25,"column":null}},"12":{"start":{"line":3,"column":0},"end":{"line":3,"column":13}}},"fnMap":{"0":{"name":"(anonymous_0)","decl":{"start":{"line":4,"column":2},"end":{"line":4,"column":8}},"loc":{"start":{"line":4,"column":40},"end":{"line":27,"column":3}}},"1":{"name":"(anonymous_1)","decl":{"start":{"line":7,"column":46},"end":{"line":7,"column":47}},"loc":{"start":{"line":7,"column":56},"end":{"line":10,"column":5}}},"2":{"name":"isUpperAndLower","decl":{"start":{"line":12,"column":13},"end":{"line":12,"column":28}},"loc":{"start":{"line":12,"column":28},"end":{"line":21,"column":5}}},"3":{"name":"(anonymous_3)","decl":{"start":{"line":14,"column":8},"end":{"line":14,"column":9}},"loc":{"start":{"line":14,"column":19},"end":{"line":14,"column":48}}},"4":{"name":"(anonymous_4)","decl":{"start":{"line":17,"column":8},"end":{"line":17,"column":9}},"loc":{"start":{"line":17,"column":19},"end":{"line":17,"column":48}}}},"branchMap":{"0":{"loc":{"start":{"line":20,"column":13},"end":{"line":20,"column":31}},"type":"binary-expr","locations":[{"start":{"line":20,"column":13},"end":{"line":20,"column":20}},{"start":{"line":20,"column":24},"end":{"line":20,"column":31}}]},"1":{"loc":{"start":{"line":23,"column":4},"end":{"line":25,"column":null}},"type":"if","locations":[{"start":{"line":23,"column":4},"end":{"line":25,"column":null}},{"start":{"line":25,"column":10},"end":{"line":25,"column":null}}]}},"s":{"0":4,"1":4,"2":48,"3":48,"4":4,"5":16,"6":4,"7":15,"8":4,"9":4,"10":3,"11":1,"12":1},"f":{"0":4,"1":48,"2":4,"3":16,"4":15},"b":{"0":[4,2],"1":[3,1]}}
,"/home/gcb/Área de Trabalho/Desafios/passwordValidation/src/utils/index.ts": {"path":"/home/gcb/Área de Trabalho/Desafios/passwordValidation/src/utils/index.ts","statementMap":{"0":{"start":{"line":1,"column":0},"end":{"line":1,"column":42}},"1":{"start":{"line":2,"column":0},"end":{"line":2,"column":34}},"2":{"start":{"line":3,"column":0},"end":{"line":3,"column":37}},"3":{"start":{"line":4,"column":0},"end":{"line":4,"column":39}}},"fnMap":{},"branchMap":{},"s":{"0":1,"1":1,"2":1,"3":1},"f":{},"b":{}}
,"/home/gcb/Área de Trabalho/Desafios/passwordValidation/src/utils/lengthValidation.ts": {"path":"/home/gcb/Área de Trabalho/Desafios/passwordValidation/src/utils/lengthValidation.ts","statementMap":{"0":{"start":{"line":5,"column":28},"end":{"line":5,"column":30}},"1":{"start":{"line":6,"column":28},"end":{"line":6,"column":30}},"2":{"start":{"line":9,"column":6},"end":{"line":16,"column":30}},"3":{"start":{"line":13,"column":8},"end":{"line":15,"column":10}},"4":{"start":{"line":16,"column":11},"end":{"line":16,"column":30}},"5":{"start":{"line":19,"column":4},"end":{"line":19,"column":20}},"6":{"start":{"line":3,"column":0},"end":{"line":3,"column":13}}},"fnMap":{"0":{"name":"(anonymous_0)","decl":{"start":{"line":4,"column":2},"end":{"line":4,"column":8}},"loc":{"start":{"line":4,"column":40},"end":{"line":20,"column":3}}},"1":{"name":"length","decl":{"start":{"line":8,"column":13},"end":{"line":8,"column":19}},"loc":{"start":{"line":8,"column":19},"end":{"line":17,"column":5}}}},"branchMap":{"0":{"loc":{"start":{"line":9,"column":6},"end":{"line":16,"column":30}},"type":"if","locations":[{"start":{"line":9,"column":6},"end":{"line":16,"column":30}},{"start":{"line":16,"column":11},"end":{"line":16,"column":30}}]},"1":{"loc":{"start":{"line":10,"column":8},"end":{"line":11,"column":41}},"type":"binary-expr","locations":[{"start":{"line":10,"column":8},"end":{"line":10,"column":41}},{"start":{"line":11,"column":8},"end":{"line":11,"column":41}}]}},"s":{"0":4,"1":4,"2":4,"3":3,"4":1,"5":4,"6":1},"f":{"0":4,"1":4},"b":{"0":[3,1],"1":[4,2]}}
,"/home/gcb/Área de Trabalho/Desafios/passwordValidation/src/utils/sequencesValidation.ts": {"path":"/home/gcb/Área de Trabalho/Desafios/passwordValidation/src/utils/sequencesValidation.ts","statementMap":{"0":{"start":{"line":5,"column":24},"end":{"line":5,"column":56}},"1":{"start":{"line":7,"column":19},"end":{"line":14,"column":9}},"2":{"start":{"line":8,"column":27},"end":{"line":8,"column":46}},"3":{"start":{"line":9,"column":6},"end":{"line":9,"column":59}},"4":{"start":{"line":9,"column":48},"end":{"line":9,"column":59}},"5":{"start":{"line":10,"column":29},"end":{"line":10,"column":65}},"6":{"start":{"line":11,"column":6},"end":{"line":11,"column":56}},"7":{"start":{"line":11,"column":47},"end":{"line":11,"column":56}},"8":{"start":{"line":13,"column":6},"end":{"line":13,"column":17}},"9":{"start":{"line":16,"column":4},"end":{"line":17,"column":76}},"10":{"start":{"line":16,"column":20},"end":{"line":16,"column":41}},"11":{"start":{"line":17,"column":9},"end":{"line":17,"column":76}},"12":{"start":{"line":3,"column":0},"end":{"line":3,"column":13}}},"fnMap":{"0":{"name":"(anonymous_0)","decl":{"start":{"line":4,"column":2},"end":{"line":4,"column":8}},"loc":{"start":{"line":4,"column":40},"end":{"line":18,"column":3}}},"1":{"name":"(anonymous_1)","decl":{"start":{"line":7,"column":38},"end":{"line":7,"column":39}},"loc":{"start":{"line":7,"column":60},"end":{"line":14,"column":5}}}},"branchMap":{"0":{"loc":{"start":{"line":9,"column":6},"end":{"line":9,"column":59}},"type":"if","locations":[{"start":{"line":9,"column":6},"end":{"line":9,"column":59}}]},"1":{"loc":{"start":{"line":11,"column":6},"end":{"line":11,"column":56}},"type":"if","locations":[{"start":{"line":11,"column":6},"end":{"line":11,"column":56}}]},"2":{"loc":{"start":{"line":16,"column":4},"end":{"line":17,"column":76}},"type":"if","locations":[{"start":{"line":16,"column":4},"end":{"line":17,"column":76}},{"start":{"line":17,"column":9},"end":{"line":17,"column":76}}]}},"s":{"0":4,"1":4,"2":40,"3":40,"4":4,"5":36,"6":36,"7":9,"8":36,"9":4,"10":1,"11":3,"12":1},"f":{"0":4,"1":40},"b":{"0":[4],"1":[9],"2":[1,3]}}
,"/home/gcb/Área de Trabalho/Desafios/passwordValidation/src/utils/specialCharValidation.ts": {"path":"/home/gcb/Área de Trabalho/Desafios/passwordValidation/src/utils/specialCharValidation.ts","statementMap":{"0":{"start":{"line":5,"column":25},"end":{"line":5,"column":53}},"1":{"start":{"line":6,"column":30},"end":{"line":6,"column":48}},"2":{"start":{"line":8,"column":32},"end":{"line":11,"column":9}},"3":{"start":{"line":9,"column":6},"end":{"line":9,"column":null}},"4":{"start":{"line":9,"column":39},"end":{"line":9,"column":null}},"5":{"start":{"line":10,"column":6},"end":{"line":10,"column":17}},"6":{"start":{"line":13,"column":4},"end":{"line":14,"column":null}},"7":{"start":{"line":13,"column":36},"end":{"line":13,"column":null}},"8":{"start":{"line":14,"column":9},"end":{"line":14,"column":null}},"9":{"start":{"line":3,"column":0},"end":{"line":3,"column":13}}},"fnMap":{"0":{"name":"(anonymous_0)","decl":{"start":{"line":4,"column":2},"end":{"line":4,"column":8}},"loc":{"start":{"line":4,"column":40},"end":{"line":15,"column":3}}},"1":{"name":"(anonymous_1)","decl":{"start":{"line":8,"column":47},"end":{"line":8,"column":48}},"loc":{"start":{"line":8,"column":62},"end":{"line":11,"column":5}}}},"branchMap":{"0":{"loc":{"start":{"line":9,"column":6},"end":{"line":9,"column":null}},"type":"if","locations":[{"start":{"line":9,"column":6},"end":{"line":9,"column":null}}]},"1":{"loc":{"start":{"line":13,"column":4},"end":{"line":14,"column":null}},"type":"if","locations":[{"start":{"line":13,"column":4},"end":{"line":14,"column":null}},{"start":{"line":14,"column":9},"end":{"line":14,"column":null}}]}},"s":{"0":3,"1":3,"2":3,"3":33,"4":3,"5":33,"6":3,"7":1,"8":2,"9":1},"f":{"0":3,"1":33},"b":{"0":[3],"1":[1,2]}}
}
