{"/home/gcb/Área de Trabalho/Desafios/passwordValidation/src/uses/passwordValidation.ts": {"path":"/home/gcb/Área de Trabalho/Desafios/passwordValidation/src/uses/passwordValidation.ts","statementMap":{"0":{"start":{"line":2,"column":0},"end":{"line":2,"column":61}},"1":{"start":{"line":3,"column":0},"end":{"line":3,"column":67}},"2":{"start":{"line":4,"column":0},"end":{"line":4,"column":71}},"3":{"start":{"line":5,"column":0},"end":{"line":5,"column":77}},"4":{"start":{"line":9,"column":31},"end":{"line":12,"column":6}},"5":{"start":{"line":14,"column":4},"end":{"line":14,"column":48}},"6":{"start":{"line":15,"column":4},"end":{"line":15,"column":51}},"7":{"start":{"line":16,"column":4},"end":{"line":16,"column":53}},"8":{"start":{"line":17,"column":4},"end":{"line":17,"column":56}},"9":{"start":{"line":19,"column":4},"end":{"line":19,"column":null}},"10":{"start":{"line":20,"column":4},"end":{"line":20,"column":19}},"11":{"start":{"line":7,"column":0},"end":{"line":7,"column":13}}},"fnMap":{"0":{"name":"(anonymous_0)","decl":{"start":{"line":8,"column":2},"end":{"line":8,"column":8}},"loc":{"start":{"line":8,"column":34},"end":{"line":21,"column":3}}}},"branchMap":{},"s":{"0":1,"1":1,"2":1,"3":1,"4":1,"5":1,"6":1,"7":1,"8":1,"9":1,"10":1,"11":1},"f":{"0":1},"b":{}}
,"/home/gcb/Área de Trabalho/Desafios/passwordValidation/src/utils/UpperLowerCaseValidation.ts": {"path":"/home/gcb/Área de Trabalho/Desafios/passwordValidation/src/utils/UpperLowerCaseValidation.ts","statementMap":{"0":{"start":{"line":6,"column":25},"end":{"line":6,"column":53}},"1":{"start":{"line":7,"column":20},"end":{"line":7,"column":38}},"2":{"start":{"line":8,"column":16},"end":{"line":8,"column":21}},"3":{"start":{"line":9,"column":16},"end":{"line":9,"column":21}},"4":{"start":{"line":11,"column":4},"end":{"line":16,"column":7}},"5":{"start":{"line":12,"column":6},"end":{"line":13,"column":21}},"6":{"start":{"line":13,"column":8},"end":{"line":13,"column":21}},"7":{"start":{"line":14,"column":6},"end":{"line":15,"column":21}},"8":{"start":{"line":15,"column":8},"end":{"line":15,"column":21}},"9":{"start":{"line":18,"column":4},"end":{"line":21,"column":null}},"10":{"start":{"line":19,"column":6},"end":{"line":19,"column":29}},"11":{"start":{"line":20,"column":6},"end":{"line":20,"column":71}},"12":{"start":{"line":23,"column":4},"end":{"line":23,"column":19}},"13":{"start":{"line":4,"column":0},"end":{"line":4,"column":13}}},"fnMap":{"0":{"name":"(anonymous_0)","decl":{"start":{"line":5,"column":2},"end":{"line":5,"column":8}},"loc":{"start":{"line":5,"column":58},"end":{"line":24,"column":3}}},"1":{"name":"(anonymous_1)","decl":{"start":{"line":11,"column":17},"end":{"line":11,"column":18}},"loc":{"start":{"line":11,"column":27},"end":{"line":16,"column":5}}}},"branchMap":{"0":{"loc":{"start":{"line":12,"column":6},"end":{"line":13,"column":21}},"type":"if","locations":[{"start":{"line":12,"column":6},"end":{"line":13,"column":21}}]},"1":{"loc":{"start":{"line":12,"column":10},"end":{"line":12,"column":72}},"type":"binary-expr","locations":[{"start":{"line":12,"column":10},"end":{"line":12,"column":39}},{"start":{"line":12,"column":43},"end":{"line":12,"column":72}}]},"2":{"loc":{"start":{"line":14,"column":6},"end":{"line":15,"column":21}},"type":"if","locations":[{"start":{"line":14,"column":6},"end":{"line":15,"column":21}}]},"3":{"loc":{"start":{"line":14,"column":10},"end":{"line":14,"column":72}},"type":"binary-expr","locations":[{"start":{"line":14,"column":10},"end":{"line":14,"column":39}},{"start":{"line":14,"column":43},"end":{"line":14,"column":72}}]},"4":{"loc":{"start":{"line":18,"column":4},"end":{"line":21,"column":null}},"type":"if","locations":[{"start":{"line":18,"column":4},"end":{"line":21,"column":null}}]},"5":{"loc":{"start":{"line":18,"column":10},"end":{"line":18,"column":24}},"type":"binary-expr","locations":[{"start":{"line":18,"column":10},"end":{"line":18,"column":15}},{"start":{"line":18,"column":19},"end":{"line":18,"column":24}}]}},"s":{"0":1,"1":1,"2":1,"3":1,"4":1,"5":3,"6":3,"7":3,"8":3,"9":1,"10":0,"11":0,"12":1,"13":1},"f":{"0":1,"1":3},"b":{"0":[3],"1":[3,3],"2":[3],"3":[3,3],"4":[0],"5":[1,1]}}
,"/home/gcb/Área de Trabalho/Desafios/passwordValidation/src/utils/lengthValidation.ts": {"path":"/home/gcb/Área de Trabalho/Desafios/passwordValidation/src/utils/lengthValidation.ts","statementMap":{"0":{"start":{"line":6,"column":28},"end":{"line":6,"column":30}},"1":{"start":{"line":7,"column":28},"end":{"line":7,"column":30}},"2":{"start":{"line":9,"column":4},"end":{"line":12,"column":null}},"3":{"start":{"line":10,"column":6},"end":{"line":10,"column":29}},"4":{"start":{"line":11,"column":6},"end":{"line":11,"column":68}},"5":{"start":{"line":14,"column":4},"end":{"line":14,"column":19}},"6":{"start":{"line":4,"column":0},"end":{"line":4,"column":13}}},"fnMap":{"0":{"name":"(anonymous_0)","decl":{"start":{"line":5,"column":2},"end":{"line":5,"column":8}},"loc":{"start":{"line":5,"column":58},"end":{"line":15,"column":3}}}},"branchMap":{"0":{"loc":{"start":{"line":9,"column":4},"end":{"line":12,"column":null}},"type":"if","locations":[{"start":{"line":9,"column":4},"end":{"line":12,"column":null}}]},"1":{"loc":{"start":{"line":9,"column":8},"end":{"line":9,"column":78}},"type":"binary-expr","locations":[{"start":{"line":9,"column":8},"end":{"line":9,"column":41}},{"start":{"line":9,"column":45},"end":{"line":9,"column":78}}]}},"s":{"0":4,"1":4,"2":4,"3":3,"4":3,"5":4,"6":1},"f":{"0":4},"b":{"0":[3],"1":[4,2]}}
,"/home/gcb/Área de Trabalho/Desafios/passwordValidation/src/utils/sequencesValidation.ts": {"path":"/home/gcb/Área de Trabalho/Desafios/passwordValidation/src/utils/sequencesValidation.ts","statementMap":{"0":{"start":{"line":7,"column":20},"end":{"line":7,"column":52}},"1":{"start":{"line":8,"column":20},"end":{"line":8,"column":21}},"2":{"start":{"line":11,"column":4},"end":{"line":17,"column":7}},"3":{"start":{"line":12,"column":25},"end":{"line":12,"column":44}},"4":{"start":{"line":13,"column":6},"end":{"line":13,"column":51}},"5":{"start":{"line":13,"column":44},"end":{"line":13,"column":51}},"6":{"start":{"line":15,"column":27},"end":{"line":15,"column":59}},"7":{"start":{"line":16,"column":6},"end":{"line":16,"column":62}},"8":{"start":{"line":16,"column":47},"end":{"line":16,"column":62}},"9":{"start":{"line":19,"column":4},"end":{"line":22,"column":null}},"10":{"start":{"line":20,"column":6},"end":{"line":20,"column":29}},"11":{"start":{"line":21,"column":6},"end":{"line":21,"column":76}},"12":{"start":{"line":24,"column":4},"end":{"line":24,"column":26}},"13":{"start":{"line":26,"column":4},"end":{"line":26,"column":19}},"14":{"start":{"line":5,"column":0},"end":{"line":5,"column":13}}},"fnMap":{"0":{"name":"(anonymous_0)","decl":{"start":{"line":6,"column":2},"end":{"line":6,"column":8}},"loc":{"start":{"line":6,"column":58},"end":{"line":27,"column":3}}},"1":{"name":"(anonymous_1)","decl":{"start":{"line":11,"column":20},"end":{"line":11,"column":21}},"loc":{"start":{"line":11,"column":37},"end":{"line":17,"column":5}}}},"branchMap":{"0":{"loc":{"start":{"line":13,"column":6},"end":{"line":13,"column":51}},"type":"if","locations":[{"start":{"line":13,"column":6},"end":{"line":13,"column":51}}]},"1":{"loc":{"start":{"line":16,"column":6},"end":{"line":16,"column":62}},"type":"if","locations":[{"start":{"line":16,"column":6},"end":{"line":16,"column":62}}]},"2":{"loc":{"start":{"line":19,"column":4},"end":{"line":22,"column":null}},"type":"if","locations":[{"start":{"line":19,"column":4},"end":{"line":22,"column":null}}]}},"s":{"0":4,"1":4,"2":4,"3":45,"4":45,"5":4,"6":41,"7":41,"8":10,"9":4,"10":4,"11":4,"12":4,"13":4,"14":1},"f":{"0":4,"1":45},"b":{"0":[4],"1":[10],"2":[4]}}
,"/home/gcb/Área de Trabalho/Desafios/passwordValidation/src/utils/specialCharValidation.ts": {"path":"/home/gcb/Área de Trabalho/Desafios/passwordValidation/src/utils/specialCharValidation.ts","statementMap":{"0":{"start":{"line":6,"column":25},"end":{"line":6,"column":53}},"1":{"start":{"line":7,"column":28},"end":{"line":7,"column":46}},"2":{"start":{"line":8,"column":28},"end":{"line":8,"column":29}},"3":{"start":{"line":10,"column":4},"end":{"line":12,"column":7}},"4":{"start":{"line":11,"column":6},"end":{"line":11,"column":63}},"5":{"start":{"line":11,"column":43},"end":{"line":11,"column":63}},"6":{"start":{"line":14,"column":4},"end":{"line":17,"column":null}},"7":{"start":{"line":15,"column":6},"end":{"line":15,"column":29}},"8":{"start":{"line":16,"column":6},"end":{"line":16,"column":74}},"9":{"start":{"line":19,"column":4},"end":{"line":19,"column":19}},"10":{"start":{"line":4,"column":0},"end":{"line":4,"column":13}}},"fnMap":{"0":{"name":"(anonymous_0)","decl":{"start":{"line":5,"column":2},"end":{"line":5,"column":8}},"loc":{"start":{"line":5,"column":58},"end":{"line":20,"column":3}}},"1":{"name":"(anonymous_1)","decl":{"start":{"line":10,"column":20},"end":{"line":10,"column":21}},"loc":{"start":{"line":10,"column":33},"end":{"line":12,"column":5}}}},"branchMap":{"0":{"loc":{"start":{"line":11,"column":6},"end":{"line":11,"column":63}},"type":"if","locations":[{"start":{"line":11,"column":6},"end":{"line":11,"column":63}}]},"1":{"loc":{"start":{"line":14,"column":4},"end":{"line":17,"column":null}},"type":"if","locations":[{"start":{"line":14,"column":4},"end":{"line":17,"column":null}}]}},"s":{"0":6,"1":6,"2":6,"3":6,"4":78,"5":6,"6":6,"7":5,"8":5,"9":6,"10":1},"f":{"0":6,"1":78},"b":{"0":[6],"1":[5]}}
}
