TN:
SF:src/uses/passwordValidation.ts
FN:10,(anonymous_0)
FN:19,(anonymous_1)
FNF:2
FNH:2
FNDA:2,(anonymous_0)
FNDA:8,(anonymous_1)
DA:2,1
DA:9,1
DA:11,2
DA:18,2
DA:20,8
DA:21,4
DA:22,4
DA:23,8
DA:28,2
LF:9
LH:9
BRDA:20,0,0,4
BRF:1
BRH:1
end_of_record
TN:
SF:src/utils/UpperLowerCaseValidation.ts
FN:4,(anonymous_0)
FN:7,(anonymous_1)
FN:12,isUpperAndLower
FN:14,(anonymous_3)
FN:17,(anonymous_4)
FNF:5
FNH:5
FNDA:5,(anonymous_0)
FNDA:65,(anonymous_1)
FNDA:5,isUpperAndLower
FNDA:17,(anonymous_3)
FNDA:17,(anonymous_4)
DA:3,1
DA:5,5
DA:7,5
DA:8,65
DA:9,65
DA:13,5
DA:14,17
DA:16,5
DA:17,17
DA:20,5
DA:23,5
DA:24,3
DA:25,2
LF:13
LH:13
BRDA:20,0,0,5
BRDA:20,0,1,3
BRDA:23,1,0,3
BRDA:23,1,1,2
BRF:4
BRH:4
end_of_record
TN:
SF:src/utils/index.ts
FNF:0
FNH:0
DA:1,1
DA:2,1
DA:3,1
DA:4,1
LF:4
LH:4
BRF:0
BRH:0
end_of_record
TN:
SF:src/utils/lengthValidation.ts
FN:4,(anonymous_0)
FN:8,length
FNF:2
FNH:2
FNDA:5,(anonymous_0)
FNDA:5,length
DA:3,1
DA:5,5
DA:6,5
DA:9,5
DA:13,3
DA:16,2
DA:19,5
LF:7
LH:7
BRDA:9,0,0,3
BRDA:9,0,1,2
BRDA:10,1,0,5
BRDA:10,1,1,3
BRF:4
BRH:4
end_of_record
TN:
SF:src/utils/sequencesValidation.ts
FN:4,(anonymous_0)
FN:7,(anonymous_1)
FNF:2
FNH:2
FNDA:5,(anonymous_0)
FNDA:57,(anonymous_1)
DA:3,1
DA:5,5
DA:7,5
DA:8,57
DA:9,57
DA:10,52
DA:11,52
DA:13,52
DA:16,5
DA:17,3
LF:10
LH:10
BRDA:9,0,0,5
BRDA:11,1,0,9
BRDA:16,2,0,2
BRDA:16,2,1,3
BRF:4
BRH:4
end_of_record
TN:
SF:src/utils/specialCharValidation.ts
FN:4,(anonymous_0)
FN:8,(anonymous_1)
FNF:2
FNH:2
FNDA:4,(anonymous_0)
FNDA:50,(anonymous_1)
DA:3,1
DA:5,4
DA:6,4
DA:8,4
DA:9,50
DA:10,50
DA:13,4
DA:14,2
LF:8
LH:8
BRDA:9,0,0,6
BRDA:13,1,0,2
BRDA:13,1,1,2
BRF:3
BRH:3
end_of_record
