TN:
SF:src/uses/passwordValidation.ts
FN:10,(anonymous_0)
FN:19,(anonymous_1)
FNF:2
FNH:2
FNDA:1,(anonymous_0)
FNDA:4,(anonymous_1)
DA:2,1
DA:9,1
DA:11,1
DA:18,1
DA:20,4
DA:21,4
DA:22,4
DA:23,4
DA:28,1
LF:9
LH:9
BRDA:20,0,0,4
BRF:1
BRH:1
end_of_record
TN:
SF:src/utils/UpperLowerCaseValidation.ts
FN:4,(anonymous_0)
FN:7,(anonymous_1)
FN:12,isUpperAndLower
FN:14,(anonymous_3)
FN:17,(anonymous_4)
FNF:5
FNH:5
FNDA:4,(anonymous_0)
FNDA:48,(anonymous_1)
FNDA:4,isUpperAndLower
FNDA:16,(anonymous_3)
FNDA:15,(anonymous_4)
DA:3,1
DA:5,4
DA:7,4
DA:8,48
DA:9,48
DA:13,4
DA:14,16
DA:16,4
DA:17,15
DA:20,4
DA:23,4
DA:24,3
DA:25,1
LF:13
LH:13
BRDA:20,0,0,4
BRDA:20,0,1,2
BRDA:23,1,0,3
BRDA:23,1,1,1
BRF:4
BRH:4
end_of_record
TN:
SF:src/utils/index.ts
FNF:0
FNH:0
DA:1,1
DA:2,1
DA:3,1
DA:4,1
LF:4
LH:4
BRF:0
BRH:0
end_of_record
TN:
SF:src/utils/lengthValidation.ts
FN:4,(anonymous_0)
FN:8,length
FNF:2
FNH:2
FNDA:4,(anonymous_0)
FNDA:4,length
DA:3,1
DA:5,4
DA:6,4
DA:9,4
DA:13,3
DA:16,1
DA:19,4
LF:7
LH:7
BRDA:9,0,0,3
BRDA:9,0,1,1
BRDA:10,1,0,4
BRDA:10,1,1,2
BRF:4
BRH:4
end_of_record
TN:
SF:src/utils/sequencesValidation.ts
FN:4,(anonymous_0)
FN:7,(anonymous_1)
FNF:2
FNH:2
FNDA:4,(anonymous_0)
FNDA:40,(anonymous_1)
DA:3,1
DA:5,4
DA:7,4
DA:8,40
DA:9,40
DA:10,36
DA:11,36
DA:13,36
DA:16,4
DA:17,3
LF:10
LH:10
BRDA:9,0,0,4
BRDA:11,1,0,9
BRDA:16,2,0,1
BRDA:16,2,1,3
BRF:4
BRH:4
end_of_record
TN:
SF:src/utils/specialCharValidation.ts
FN:4,(anonymous_0)
FN:8,(anonymous_1)
FNF:2
FNH:2
FNDA:3,(anonymous_0)
FNDA:33,(anonymous_1)
DA:3,1
DA:5,3
DA:6,3
DA:8,3
DA:9,33
DA:10,33
DA:13,3
DA:14,2
LF:8
LH:8
BRDA:9,0,0,3
BRDA:13,1,0,1
BRDA:13,1,1,2
BRF:3
BRH:3
end_of_record
